<?xml version="1.0" encoding="UTF-8"?>
<!-- Generated by org.testng.reporters.JUnitReportReporter -->
<testsuite hostname="SYB-LP-TEST-008" name="test.report" tests="3" failures="0" timestamp="2 Mar 2018 07:26:03 GMT" time="34.411" errors="0">
  <testcase name="test" time="0.002" classname="test.report"/>
  <testcase name="signup" time="18.072" classname="test.report"/>
  <testcase name="url" time="16.337" classname="test.report"/>
</testsuite> <!-- test.report -->
